0 info it worked if it ends with ok
1 verbose cli [ 'node', '/Users/cristianrios/.npm-packages/bin/npm', 'start' ]
2 info using npm@2.11.1
3 info using node@v0.12.4
4 verbose stack Error: missing script: start
4 verbose stack     at run (/Users/cristianrios/.npm-packages/lib/node_modules/npm/lib/run-script.js:142:19)
4 verbose stack     at /Users/cristianrios/.npm-packages/lib/node_modules/npm/lib/run-script.js:58:5
4 verbose stack     at /Users/cristianrios/.npm-packages/lib/node_modules/npm/node_modules/read-package-json/read-json.js:345:5
4 verbose stack     at checkBinReferences_ (/Users/cristianrios/.npm-packages/lib/node_modules/npm/node_modules/read-package-json/read-json.js:309:45)
4 verbose stack     at final (/Users/cristianrios/.npm-packages/lib/node_modules/npm/node_modules/read-package-json/read-json.js:343:3)
4 verbose stack     at then (/Users/cristianrios/.npm-packages/lib/node_modules/npm/node_modules/read-package-json/read-json.js:113:5)
4 verbose stack     at /Users/cristianrios/.npm-packages/lib/node_modules/npm/node_modules/read-package-json/read-json.js:284:20
4 verbose stack     at evalmachine.<anonymous>:263:20
4 verbose stack     at OpenReq.Req.done (/Users/cristianrios/.npm-packages/lib/node_modules/npm/node_modules/graceful-fs/graceful-fs.js:141:5)
4 verbose stack     at OpenReq.done (/Users/cristianrios/.npm-packages/lib/node_modules/npm/node_modules/graceful-fs/graceful-fs.js:61:22)
5 verbose cwd /Users/cristianrios/Documents/Proyectos/angular2-test-3
6 error Darwin 14.3.0
7 error argv "node" "/Users/cristianrios/.npm-packages/bin/npm" "start"
8 error node v0.12.4
9 error npm  v2.11.1
10 error missing script: start
11 error If you need help, you may report this error at:
11 error     <https://github.com/npm/npm/issues>
12 verbose exit [ 1, true ]
